[0m[[0m[0mdebug[0m] [0m[0m> Exec(;Test/compile; collectAnalyses, None, Some(CommandSource(network-1)))[0m
[0m[[0m[0mdebug[0m] [0m[0munmatched Processing event for requestId None: None[0m
[0m[[0m[0mdebug[0m] [0m[0munmatched Done event for requestId None: None[0m
[0m[[0m[0mdebug[0m] [0m[0m> Exec(Test/compile, None, Some(CommandSource(network-1)))[0m
[0m[[0m[0mdebug[0m] [0m[0munmatched Processing event for requestId None: None[0m
[0m[[0m[0mdebug[0m] [0m[0mEvaluating tasks: Test / compile[0m
[0m[[0m[0mdebug[0m] [0m[0mRunning task... Cancel: bloop.integrations.sbt.Offloader$$anon$1@467ef400, check cycles: false, forcegc: true[0m
[0m[[0m[0mdebug[0m] [0m[0mjsonRpcNotify: JsonRpcNotificationMessage(2.0, build/taskStart, {"taskId":{"id":"3","parents":[]},"eventTime":1640002316863,"message":"Compiling lnsparkcaseclassex","dataKind":"compile-task","data":{"target":{"uri":"file:/home/han/LNSparkCaseClassEx/#lnsparkcaseclassex/Compile"}}})[0m
[0m[[0m[0mdebug[0m] [0m[0mjsonRpcNotify: JsonRpcNotificationMessage(2.0, build/taskFinish, {"taskId":{"id":"3","parents":[]},"eventTime":1640002316926,"message":"Compiled lnsparkcaseclassex","status":1,"dataKind":"compile-report","data":{"target":{"uri":"file:/home/han/LNSparkCaseClassEx/#lnsparkcaseclassex/Compile"},"errors":0,"warnings":0,"time":63}})[0m
[0m[[0m[0mdebug[0m] [0m[0mjsonRpcNotify: JsonRpcNotificationMessage(2.0, build/taskStart, {"taskId":{"id":"4","parents":[]},"eventTime":1640002316936,"message":"Compiling lnsparkcaseclassex-test","dataKind":"compile-task","data":{"target":{"uri":"file:/home/han/LNSparkCaseClassEx/#lnsparkcaseclassex/Test"}}})[0m
[0m[[0m[0mdebug[0m] [0m[0mjsonRpcNotify: JsonRpcNotificationMessage(2.0, build/taskFinish, {"taskId":{"id":"4","parents":[]},"eventTime":1640002316948,"message":"Compiled lnsparkcaseclassex-test","status":1,"dataKind":"compile-report","data":{"target":{"uri":"file:/home/han/LNSparkCaseClassEx/#lnsparkcaseclassex/Test"},"errors":0,"warnings":0,"time":12}})[0m
[0m[[0m[32msuccess[0m] [0m[0mTotal time: 0 s, completed Dec 20, 2021 8:11:57 PM[0m
[0m[[0m[0mdebug[0m] [0m[0munmatched Done event for requestId None: None[0m
[0m[[0m[0mdebug[0m] [0m[0m> Exec(collectAnalyses, None, Some(CommandSource(network-1)))[0m
[0m[[0m[0mdebug[0m] [0m[0munmatched Processing event for requestId None: None[0m
[0m[[0m[0mdebug[0m] [0m[0mEvaluating tasks: Compile / collectAnalyses[0m
[0m[[0m[0mdebug[0m] [0m[0mRunning task... Cancel: bloop.integrations.sbt.Offloader$$anon$1@3193e21d, check cycles: false, forcegc: true[0m
[0m[[0m[0mdebug[0m] [0m[0manalysis location (/home/han/LNSparkCaseClassEx/target/scala-2.12/sbt-1.0/zinc/inc_compile_2.12.zip,true)[0m
[0m[[0m[32msuccess[0m] [0m[0mTotal time: 0 s, completed Dec 20, 2021 8:11:57 PM[0m
[0m[[0m[0mdebug[0m] [0m[0munmatched Done event for requestId None: None[0m
[0m[[0m[0mdebug[0m] [0m[0m> Exec(shell, None, None)[0m
